# JRE version: Java(TM) SE Runtime Environment (7.0_79-b15) (build 1.7.0_79-b15)
# Java VM: Java HotSpot(TM) 64-Bit Server VM (24.79-b02 mixed mode windows-amd64 compressed oops)
Heap
 PSYoungGen      total 76800K, used 58703K [0x00000000eb200000, 0x00000000f0800000, 0x0000000100000000)
  eden space 65536K, 84% used [0x00000000eb200000,0x00000000ee820d40,0x00000000ef200000)
  from space 11264K, 29% used [0x00000000efd00000,0x00000000f0032f28,0x00000000f0800000)
  to   space 11264K, 0% used [0x00000000ef200000,0x00000000ef200000,0x00000000efd00000)
 ParOldGen       total 42496K, used 19480K [0x00000000c1600000, 0x00000000c3f80000, 0x00000000eb200000)
  object space 42496K, 45% used [0x00000000c1600000,0x00000000c29061e8,0x00000000c3f80000)
 PSPermGen       total 21504K, used 12505K [0x00000000bc400000, 0x00000000bd900000, 0x00000000c1600000)
  object space 21504K, 58% used [0x00000000bc400000,0x00000000bd036560,0x00000000bd900000)
GC Heap History (10 events):
Event: 10.831 GC heap before
{Heap before GC invocations=2 (full 0):
 PSYoungGen      total 18944K, used 18936K [0x00000000eb200000, 0x00000000ec700000, 0x0000000100000000)
  eden space 16384K, 100% used [0x00000000eb200000,0x00000000ec200000,0x00000000ec200000)
  from space 2560K, 99% used [0x00000000ec200000,0x00000000ec47e0f8,0x00000000ec480000)
  to   space 2560K, 0% used [0x00000000ec480000,0x00000000ec480000,0x00000000ec700000)
 ParOldGen       total 42496K, used 1226K [0x00000000c1600000, 0x00000000c3f80000, 0x00000000eb200000)
  object space 42496K, 2% used [0x00000000c1600000,0x00000000c17328e0,0x00000000c3f80000)
 PSPermGen       total 21504K, used 7056K [0x00000000bc400000, 0x00000000bd900000, 0x00000000c1600000)
  object space 21504K, 32% used [0x00000000bc400000,0x00000000bcae4178,0x00000000bd900000)
Event: 10.839 GC heap after
Heap after GC invocations=2 (full 0):
 PSYoungGen      total 18944K, used 2536K [0x00000000eb200000, 0x00000000ed700000, 0x0000000100000000)
  eden space 16384K, 0% used [0x00000000eb200000,0x00000000eb200000,0x00000000ec200000)
  from space 2560K, 99% used [0x00000000ec480000,0x00000000ec6fa020,0x00000000ec700000)
  to   space 2560K, 0% used [0x00000000ec200000,0x00000000ec200000,0x00000000ec480000)
 ParOldGen       total 42496K, used 4822K [0x00000000c1600000, 0x00000000c3f80000, 0x00000000eb200000)
  object space 42496K, 11% used [0x00000000c1600000,0x00000000c1ab5a30,0x00000000c3f80000)
 PSPermGen       total 21504K, used 7056K [0x00000000bc400000, 0x00000000bd900000, 0x00000000c1600000)
  object space 21504K, 32% used [0x00000000bc400000,0x00000000bcae4178,0x00000000bd900000)
}
Event: 11.087 GC heap before
{Heap before GC invocations=3 (full 0):
 PSYoungGen      total 18944K, used 18920K [0x00000000eb200000, 0x00000000ed700000, 0x0000000100000000)
  eden space 16384K, 100% used [0x00000000eb200000,0x00000000ec200000,0x00000000ec200000)
  from space 2560K, 99% used [0x00000000ec480000,0x00000000ec6fa020,0x00000000ec700000)
  to   space 2560K, 0% used [0x00000000ec200000,0x00000000ec200000,0x00000000ec480000)
 ParOldGen       total 42496K, used 4822K [0x00000000c1600000, 0x00000000c3f80000, 0x00000000eb200000)
  object space 42496K, 11% used [0x00000000c1600000,0x00000000c1ab5a30,0x00000000c3f80000)
 PSPermGen       total 21504K, used 9148K [0x00000000bc400000, 0x00000000bd900000, 0x00000000c1600000)
  object space 21504K, 42% used [0x00000000bc400000,0x00000000bccef2d8,0x00000000bd900000)
Event: 11.092 GC heap after
Heap after GC invocations=3 (full 0):
 PSYoungGen      total 18944K, used 2552K [0x00000000eb200000, 0x00000000ed700000, 0x0000000100000000)
  eden space 16384K, 0% used [0x00000000eb200000,0x00000000eb200000,0x00000000ec200000)
  from space 2560K, 99% used [0x00000000ec200000,0x00000000ec47e010,0x00000000ec480000)
  to   space 2560K, 0% used [0x00000000ed480000,0x00000000ed480000,0x00000000ed700000)
 ParOldGen       total 42496K, used 7349K [0x00000000c1600000, 0x00000000c3f80000, 0x00000000eb200000)
  object space 42496K, 17% used [0x00000000c1600000,0x00000000c1d2d660,0x00000000c3f80000)
 PSPermGen       total 21504K, used 9148K [0x00000000bc400000, 0x00000000bd900000, 0x00000000c1600000)
  object space 21504K, 42% used [0x00000000bc400000,0x00000000bccef2d8,0x00000000bd900000)
}
Event: 11.521 GC heap before
{Heap before GC invocations=4 (full 0):
 PSYoungGen      total 18944K, used 18936K [0x00000000eb200000, 0x00000000ed700000, 0x0000000100000000)
  eden space 16384K, 100% used [0x00000000eb200000,0x00000000ec200000,0x00000000ec200000)
  from space 2560K, 99% used [0x00000000ec200000,0x00000000ec47e010,0x00000000ec480000)
  to   space 2560K, 0% used [0x00000000ed480000,0x00000000ed480000,0x00000000ed700000)
 ParOldGen       total 42496K, used 7349K [0x00000000c1600000, 0x00000000c3f80000, 0x00000000eb200000)
  object space 42496K, 17% used [0x00000000c1600000,0x00000000c1d2d660,0x00000000c3f80000)
 PSPermGen       total 21504K, used 10757K [0x00000000bc400000, 0x00000000bd900000, 0x00000000c1600000)
  object space 21504K, 50% used [0x00000000bc400000,0x00000000bce81590,0x00000000bd900000)
Event: 11.545 GC heap after
Heap after GC invocations=4 (full 0):
 PSYoungGen      total 35328K, used 2544K [0x00000000eb200000, 0x00000000ed700000, 0x0000000100000000)
  eden space 32768K, 0% used [0x00000000eb200000,0x00000000eb200000,0x00000000ed200000)
  from space 2560K, 99% used [0x00000000ed480000,0x00000000ed6fc1d0,0x00000000ed700000)
  to   space 2560K, 0% used [0x00000000ed200000,0x00000000ed200000,0x00000000ed480000)
 ParOldGen       total 42496K, used 9487K [0x00000000c1600000, 0x00000000c3f80000, 0x00000000eb200000)
  object space 42496K, 22% used [0x00000000c1600000,0x00000000c1f43d20,0x00000000c3f80000)
 PSPermGen       total 21504K, used 10757K [0x00000000bc400000, 0x00000000bd900000, 0x00000000c1600000)
  object space 21504K, 50% used [0x00000000bc400000,0x00000000bce81590,0x00000000bd900000)
}
Event: 12.473 GC heap before
{Heap before GC invocations=5 (full 0):
 PSYoungGen      total 35328K, used 35312K [0x00000000eb200000, 0x00000000ed700000, 0x0000000100000000)
  eden space 32768K, 100% used [0x00000000eb200000,0x00000000ed200000,0x00000000ed200000)
  from space 2560K, 99% used [0x00000000ed480000,0x00000000ed6fc1d0,0x00000000ed700000)
  to   space 2560K, 0% used [0x00000000ed200000,0x00000000ed200000,0x00000000ed480000)
 ParOldGen       total 42496K, used 9487K [0x00000000c1600000, 0x00000000c3f80000, 0x00000000eb200000)
  object space 42496K, 22% used [0x00000000c1600000,0x00000000c1f43d20,0x00000000c3f80000)
 PSPermGen       total 21504K, used 11998K [0x00000000bc400000, 0x00000000bd900000, 0x00000000c1600000)
  object space 21504K, 55% used [0x00000000bc400000,0x00000000bcfb7920,0x00000000bd900000)
Event: 12.486 GC heap after
Heap after GC invocations=5 (full 0):
 PSYoungGen      total 35328K, used 2536K [0x00000000eb200000, 0x00000000f0800000, 0x0000000100000000)
  eden space 32768K, 0% used [0x00000000eb200000,0x00000000eb200000,0x00000000ed200000)
  from space 2560K, 99% used [0x00000000ed200000,0x00000000ed47a020,0x00000000ed480000)
  to   space 11264K, 0% used [0x00000000efd00000,0x00000000efd00000,0x00000000f0800000)
 ParOldGen       total 42496K, used 19480K [0x00000000c1600000, 0x00000000c3f80000, 0x00000000eb200000)
  object space 42496K, 45% used [0x00000000c1600000,0x00000000c29061e8,0x00000000c3f80000)
 PSPermGen       total 21504K, used 11998K [0x00000000bc400000, 0x00000000bd900000, 0x00000000c1600000)
  object space 21504K, 55% used [0x00000000bc400000,0x00000000bcfb7920,0x00000000bd900000)
}
Event: 43.025 GC heap before
{Heap before GC invocations=6 (full 0):
 PSYoungGen      total 35328K, used 35304K [0x00000000eb200000, 0x00000000f0800000, 0x0000000100000000)
  eden space 32768K, 100% used [0x00000000eb200000,0x00000000ed200000,0x00000000ed200000)
  from space 2560K, 99% used [0x00000000ed200000,0x00000000ed47a020,0x00000000ed480000)
  to   space 11264K, 0% used [0x00000000efd00000,0x00000000efd00000,0x00000000f0800000)
 ParOldGen       total 42496K, used 19480K [0x00000000c1600000, 0x00000000c3f80000, 0x00000000eb200000)
  object space 42496K, 45% used [0x00000000c1600000,0x00000000c29061e8,0x00000000c3f80000)
 PSPermGen       total 21504K, used 12386K [0x00000000bc400000, 0x00000000bd900000, 0x00000000c1600000)
  object space 21504K, 57% used [0x00000000bc400000,0x00000000bd018b58,0x00000000bd900000)
Event: 43.033 GC heap after
Heap after GC invocations=6 (full 0):
 PSYoungGen      total 76800K, used 3275K [0x00000000eb200000, 0x00000000f0800000, 0x0000000100000000)
  eden space 65536K, 0% used [0x00000000eb200000,0x00000000eb200000,0x00000000ef200000)
  from space 11264K, 29% used [0x00000000efd00000,0x00000000f0032f28,0x00000000f0800000)
  to   space 11264K, 0% used [0x00000000ef200000,0x00000000ef200000,0x00000000efd00000)
 ParOldGen       total 42496K, used 19480K [0x00000000c1600000, 0x00000000c3f80000, 0x00000000eb200000)
  object space 42496K, 45% used [0x00000000c1600000,0x00000000c29061e8,0x00000000c3f80000)
 PSPermGen       total 21504K, used 12386K [0x00000000bc400000, 0x00000000bd900000, 0x00000000c1600000)
  object space 21504K, 57% used [0x00000000bc400000,0x00000000bd018b58,0x00000000bd900000)
}

